<!DOCTYPE html PUBLIC "-//W3C//DTD XHTML 1.1//EN" "http://www.w3.org/TR/xhtml11/DTD/xhtml11.dtd">
<html xmlns="http://www.w3.org/1999/xhtml"><head><title>TestNG Report</title><style type="text/css">table {margin-bottom:10px;border-collapse:collapse;empty-cells:show}th,td {border:1px solid #009;padding:.25em .5em}th {vertical-align:bottom}td {vertical-align:top}table a {font-weight:bold}.stripe td {background-color: #E6EBF9}.num {text-align:right}.passedodd td {background-color: #3F3}.passedeven td {background-color: #0A0}.skippedodd td {background-color: #DDD}.skippedeven td {background-color: #CCC}.failedodd td,.attn {background-color: #F33}.failedeven td,.stripe .attn {background-color: #D00}.stacktrace {white-space:pre;font-family:monospace}.totop {font-size:85%;text-align:center;border-bottom:2px solid #000}</style></head><body><table><tr><th>Test</th><th># Passed</th><th># Skipped</th><th># Failed</th><th>Time (ms)</th><th>Included Groups</th><th>Excluded Groups</th></tr><tr><th colspan="7">Automation Testing</th></tr><tr><td><a href="#t0">SignUp</a></td><td class="num">3</td><td class="num attn">6</td><td class="num attn">2</td><td class="num">79,457</td><td></td><td></td></tr></table><table><thead><tr><th>Class</th><th>Method</th><th>Start</th><th>Time (ms)</th></tr></thead><tbody><tr><th colspan="4">Automation Testing</th></tr></tbody><tbody id="t0"><tr><th colspan="4">SignUp &#8212; failed</th></tr><tr class="failedeven"><td rowspan="2">TracksPageScripts.Linkedin_SignUp_PageScripts</td><td><a href="#m0">fifthTestCase</a></td><td rowspan="1">1529097758811</td><td rowspan="1">3338</td></tr><tr class="failedeven"><td><a href="#m1">thirdTestCase</a></td><td rowspan="1">1529097727547</td><td rowspan="1">3203</td></tr><tr><th colspan="4">SignUp &#8212; skipped</th></tr><tr class="skippedeven"><td rowspan="6">TracksPageScripts.Linkedin_SignUp_PageScripts</td><td><a href="#m2">fifthTestCase</a></td><td rowspan="3">1529097740317</td><td rowspan="3">4008</td></tr><tr class="skippedeven"><td><a href="#m3">fifthTestCase</a></td></tr><tr class="skippedeven"><td><a href="#m4">fifthTestCase</a></td></tr><tr class="skippedeven"><td><a href="#m5">thirdTestCase</a></td><td rowspan="3">1529097715758</td><td rowspan="3">3297</td></tr><tr class="skippedeven"><td><a href="#m6">thirdTestCase</a></td></tr><tr class="skippedeven"><td><a href="#m7">thirdTestCase</a></td></tr><tr><th colspan="4">SignUp &#8212; passed</th></tr><tr class="passedeven"><td rowspan="3">TracksPageScripts.Linkedin_SignUp_PageScripts</td><td><a href="#m8">firstTestCase</a></td><td rowspan="1">1529097693988</td><td rowspan="1">6843</td></tr><tr class="passedeven"><td><a href="#m9">fourthTestCase</a></td><td rowspan="1">1529097733435</td><td rowspan="1">3756</td></tr><tr class="passedeven"><td><a href="#m10">secondTestCase</a></td><td rowspan="1">1529097703602</td><td rowspan="1">3399</td></tr></tbody></table><h2>SignUp</h2><h3 id="m0">TracksPageScripts.Linkedin_SignUp_PageScripts#fifthTestCase</h3><table class="result"><tr><th>Exception</th></tr><tr><td><div class="stacktrace">java.lang.AssertionError: The following asserts failed:
	expected [Please enter a valid email address] but found [Please enter a valid email address or mobile number]
	at TracksPageScripts.Linkedin_SignUp_PageScripts.fifthTestCase(Linkedin_SignUp_PageScripts.java:170)
... Removed 25 stack frames</div></td></tr></table><p class="totop"><a href="#summary">back to summary</a></p><h3 id="m1">TracksPageScripts.Linkedin_SignUp_PageScripts#thirdTestCase</h3><table class="result"><tr><th>Exception</th></tr><tr><td><div class="stacktrace">java.lang.AssertionError: The following asserts failed:
	expected [Please enter your email address] but found [Please enter your email address or mobile number]
	at TracksPageScripts.Linkedin_SignUp_PageScripts.thirdTestCase(Linkedin_SignUp_PageScripts.java:120)
... Removed 25 stack frames</div></td></tr></table><p class="totop"><a href="#summary">back to summary</a></p><h3 id="m2">TracksPageScripts.Linkedin_SignUp_PageScripts#fifthTestCase</h3><table class="result"><tr><th>Exception</th></tr><tr><td><div class="stacktrace">java.lang.AssertionError: The following asserts failed:
	expected [Please enter a valid email address] but found [Please enter a valid email address or mobile number]
	at TracksPageScripts.Linkedin_SignUp_PageScripts.fifthTestCase(Linkedin_SignUp_PageScripts.java:170)
... Removed 25 stack frames</div></td></tr></table><p class="totop"><a href="#summary">back to summary</a></p><h3 id="m3">TracksPageScripts.Linkedin_SignUp_PageScripts#fifthTestCase</h3><table class="result"><tr><th>Exception</th></tr><tr><td><div class="stacktrace">java.lang.AssertionError: The following asserts failed:
	expected [Please enter a valid email address] but found [Please enter a valid email address or mobile number]
	at TracksPageScripts.Linkedin_SignUp_PageScripts.fifthTestCase(Linkedin_SignUp_PageScripts.java:170)
... Removed 25 stack frames</div></td></tr></table><p class="totop"><a href="#summary">back to summary</a></p><h3 id="m4">TracksPageScripts.Linkedin_SignUp_PageScripts#fifthTestCase</h3><table class="result"><tr><th>Exception</th></tr><tr><td><div class="stacktrace">java.lang.AssertionError: The following asserts failed:
	expected [Please enter a valid email address] but found [Please enter a valid email address or mobile number]
	at TracksPageScripts.Linkedin_SignUp_PageScripts.fifthTestCase(Linkedin_SignUp_PageScripts.java:170)
... Removed 25 stack frames</div></td></tr></table><p class="totop"><a href="#summary">back to summary</a></p><h3 id="m5">TracksPageScripts.Linkedin_SignUp_PageScripts#thirdTestCase</h3><table class="result"><tr><th>Exception</th></tr><tr><td><div class="stacktrace">java.lang.AssertionError: The following asserts failed:
	expected [Please enter your email address] but found [Please enter your email address or mobile number]
	at TracksPageScripts.Linkedin_SignUp_PageScripts.thirdTestCase(Linkedin_SignUp_PageScripts.java:120)
... Removed 25 stack frames</div></td></tr></table><p class="totop"><a href="#summary">back to summary</a></p><h3 id="m6">TracksPageScripts.Linkedin_SignUp_PageScripts#thirdTestCase</h3><table class="result"><tr><th>Exception</th></tr><tr><td><div class="stacktrace">java.lang.AssertionError: The following asserts failed:
	expected [Please enter your email address] but found [Please enter your email address or mobile number]
	at TracksPageScripts.Linkedin_SignUp_PageScripts.thirdTestCase(Linkedin_SignUp_PageScripts.java:120)
... Removed 25 stack frames</div></td></tr></table><p class="totop"><a href="#summary">back to summary</a></p><h3 id="m7">TracksPageScripts.Linkedin_SignUp_PageScripts#thirdTestCase</h3><table class="result"><tr><th>Exception</th></tr><tr><td><div class="stacktrace">java.lang.AssertionError: The following asserts failed:
	expected [Please enter your email address] but found [Please enter your email address or mobile number]
	at TracksPageScripts.Linkedin_SignUp_PageScripts.thirdTestCase(Linkedin_SignUp_PageScripts.java:120)
... Removed 25 stack frames</div></td></tr></table><p class="totop"><a href="#summary">back to summary</a></p><h3 id="m8">TracksPageScripts.Linkedin_SignUp_PageScripts#firstTestCase</h3><table class="result"></table><p class="totop"><a href="#summary">back to summary</a></p><h3 id="m9">TracksPageScripts.Linkedin_SignUp_PageScripts#fourthTestCase</h3><table class="result"></table><p class="totop"><a href="#summary">back to summary</a></p><h3 id="m10">TracksPageScripts.Linkedin_SignUp_PageScripts#secondTestCase</h3><table class="result"></table><p class="totop"><a href="#summary">back to summary</a></p></body></html>