<?xml version="1.0" encoding="UTF-8"?>
<!-- Generated by org.testng.reporters.JUnitXMLReporter -->
<testsuite hostname="DESKTOP-NH0EPD3" name="SignUp" tests="11" failures="2" timestamp="15 Jun 2018 21:22:47 GMT" time="79.457" errors="0">
  <testcase name="firstTestCase" time="6.843" classname="TracksPageScripts.Linkedin_SignUp_PageScripts"/>
  <testcase name="secondTestCase" time="3.399" classname="TracksPageScripts.Linkedin_SignUp_PageScripts"/>
  <testcase name="thirdTestCase" time="3.328" classname="TracksPageScripts.Linkedin_SignUp_PageScripts">
    <skipped/>
  </testcase> <!-- thirdTestCase -->
  <testcase name="thirdTestCase" time="3.297" classname="TracksPageScripts.Linkedin_SignUp_PageScripts">
    <skipped/>
  </testcase> <!-- thirdTestCase -->
  <testcase name="thirdTestCase" time="3.136" classname="TracksPageScripts.Linkedin_SignUp_PageScripts">
    <skipped/>
  </testcase> <!-- thirdTestCase -->
  <testcase name="thirdTestCase" time="3.203" classname="TracksPageScripts.Linkedin_SignUp_PageScripts">
    <failure type="java.lang.AssertionError" message="The following asserts failed:
	expected [Please enter your email address] but found [Please enter your email address or mobile number]">
      <![CDATA[java.lang.AssertionError: The following asserts failed:
	expected [Please enter your email address] but found [Please enter your email address or mobile number]
	at TracksPageScripts.Linkedin_SignUp_PageScripts.thirdTestCase(Linkedin_SignUp_PageScripts.java:120)
... Removed 25 stack frames]]>
    </failure>
  </testcase> <!-- thirdTestCase -->
  <testcase name="fourthTestCase" time="3.756" classname="TracksPageScripts.Linkedin_SignUp_PageScripts"/>
  <testcase name="fifthTestCase" time="4.008" classname="TracksPageScripts.Linkedin_SignUp_PageScripts">
    <skipped/>
  </testcase> <!-- fifthTestCase -->
  <testcase name="fifthTestCase" time="3.277" classname="TracksPageScripts.Linkedin_SignUp_PageScripts">
    <skipped/>
  </testcase> <!-- fifthTestCase -->
  <testcase name="fifthTestCase" time="3.16" classname="TracksPageScripts.Linkedin_SignUp_PageScripts">
    <skipped/>
  </testcase> <!-- fifthTestCase -->
  <testcase name="fifthTestCase" time="3.338" classname="TracksPageScripts.Linkedin_SignUp_PageScripts">
    <failure type="java.lang.AssertionError" message="The following asserts failed:
	expected [Please enter a valid email address] but found [Please enter a valid email address or mobile number]">
      <![CDATA[java.lang.AssertionError: The following asserts failed:
	expected [Please enter a valid email address] but found [Please enter a valid email address or mobile number]
	at TracksPageScripts.Linkedin_SignUp_PageScripts.fifthTestCase(Linkedin_SignUp_PageScripts.java:170)
... Removed 25 stack frames]]>
    </failure>
  </testcase> <!-- fifthTestCase -->
</testsuite> <!-- SignUp -->
